/*C3*/SET SCHEMA PUBLIC
DISCONNECT
/*C4*/SET SCHEMA PUBLIC
DISCONNECT
/*C5*/SET SCHEMA PUBLIC
DISCONNECT
/*C6*/SET SCHEMA PUBLIC
DISCONNECT
/*C7*/SET SCHEMA PUBLIC
DISCONNECT
/*C8*/SET SCHEMA PUBLIC
DISCONNECT
/*C9*/SET SCHEMA PUBLIC
DISCONNECT
/*C10*/SET SCHEMA PUBLIC
DISCONNECT
/*C11*/SET SCHEMA PUBLIC
DELETE FROM PISOS WHERE ID=37
COMMIT
DISCONNECT
/*C12*/SET SCHEMA PUBLIC
DISCONNECT
/*C13*/SET SCHEMA PUBLIC
DELETE FROM PISOS WHERE ID=36
COMMIT
DISCONNECT
/*C14*/SET SCHEMA PUBLIC
DISCONNECT
/*C15*/SET SCHEMA PUBLIC
DELETE FROM PISOS WHERE ID=35
COMMIT
DISCONNECT
/*C16*/SET SCHEMA PUBLIC
DISCONNECT
/*C17*/SET SCHEMA PUBLIC
DELETE FROM PISOS WHERE ID=34
COMMIT
DISCONNECT
/*C18*/SET SCHEMA PUBLIC
DISCONNECT
/*C19*/SET SCHEMA PUBLIC
DELETE FROM PISOS WHERE ID=33
COMMIT
DISCONNECT
/*C20*/SET SCHEMA PUBLIC
DISCONNECT
/*C21*/SET SCHEMA PUBLIC
DELETE FROM PISOS WHERE ID=32
COMMIT
DISCONNECT
/*C22*/SET SCHEMA PUBLIC
DISCONNECT
/*C23*/SET SCHEMA PUBLIC
DELETE FROM PISOS WHERE ID=31
COMMIT
DISCONNECT
/*C24*/SET SCHEMA PUBLIC
DISCONNECT
/*C25*/SET SCHEMA PUBLIC
DELETE FROM PISOS WHERE ID=30
COMMIT
DISCONNECT
/*C26*/SET SCHEMA PUBLIC
DISCONNECT
/*C27*/SET SCHEMA PUBLIC
DELETE FROM PISOS WHERE ID=29
COMMIT
DISCONNECT
/*C28*/SET SCHEMA PUBLIC
DISCONNECT
/*C29*/SET SCHEMA PUBLIC
DELETE FROM PISOS WHERE ID=28
COMMIT
DISCONNECT
/*C30*/SET SCHEMA PUBLIC
DISCONNECT
/*C31*/SET SCHEMA PUBLIC
DELETE FROM PISOS WHERE ID=27
COMMIT
DISCONNECT
/*C32*/SET SCHEMA PUBLIC
DISCONNECT
/*C33*/SET SCHEMA PUBLIC
DELETE FROM PISOS WHERE ID=26
COMMIT
DISCONNECT
/*C34*/SET SCHEMA PUBLIC
DISCONNECT
/*C35*/SET SCHEMA PUBLIC
DELETE FROM PISOS WHERE ID=25
COMMIT
DISCONNECT
/*C36*/SET SCHEMA PUBLIC
DISCONNECT
/*C37*/SET SCHEMA PUBLIC
DELETE FROM PISOS WHERE ID=24
COMMIT
DISCONNECT
/*C38*/SET SCHEMA PUBLIC
DISCONNECT
/*C39*/SET SCHEMA PUBLIC
DELETE FROM PISOS WHERE ID=23
COMMIT
DISCONNECT
/*C40*/SET SCHEMA PUBLIC
DISCONNECT
/*C41*/SET SCHEMA PUBLIC
DELETE FROM PISOS WHERE ID=22
COMMIT
DISCONNECT
/*C42*/SET SCHEMA PUBLIC
DISCONNECT
/*C43*/SET SCHEMA PUBLIC
DELETE FROM PISOS WHERE ID=21
COMMIT
DISCONNECT
/*C44*/SET SCHEMA PUBLIC
DISCONNECT
/*C45*/SET SCHEMA PUBLIC
DELETE FROM PISOS WHERE ID=20
COMMIT
DISCONNECT
/*C46*/SET SCHEMA PUBLIC
DISCONNECT
/*C47*/SET SCHEMA PUBLIC
DELETE FROM PISOS WHERE ID=19
COMMIT
DISCONNECT
/*C48*/SET SCHEMA PUBLIC
DISCONNECT
/*C49*/SET SCHEMA PUBLIC
DELETE FROM PISOS WHERE ID=18
COMMIT
DISCONNECT
/*C50*/SET SCHEMA PUBLIC
DISCONNECT
/*C51*/SET SCHEMA PUBLIC
DELETE FROM PISOS WHERE ID=17
COMMIT
DISCONNECT
/*C52*/SET SCHEMA PUBLIC
DISCONNECT
/*C53*/SET SCHEMA PUBLIC
DELETE FROM PISOS WHERE ID=16
COMMIT
DISCONNECT
/*C54*/SET SCHEMA PUBLIC
DISCONNECT
/*C55*/SET SCHEMA PUBLIC
DELETE FROM PISOS WHERE ID=15
COMMIT
DISCONNECT
/*C56*/SET SCHEMA PUBLIC
DISCONNECT
/*C57*/SET SCHEMA PUBLIC
DELETE FROM PISOS WHERE ID=14
COMMIT
DISCONNECT
/*C58*/SET SCHEMA PUBLIC
DISCONNECT
/*C59*/SET SCHEMA PUBLIC
DELETE FROM PISOS WHERE ID=13
COMMIT
DISCONNECT
/*C60*/SET SCHEMA PUBLIC
DISCONNECT
/*C61*/SET SCHEMA PUBLIC
DELETE FROM PISOS WHERE ID=12
COMMIT
DISCONNECT
/*C62*/SET SCHEMA PUBLIC
DISCONNECT
/*C63*/SET SCHEMA PUBLIC
DELETE FROM PISOS WHERE ID=11
COMMIT
DISCONNECT
/*C64*/SET SCHEMA PUBLIC
DISCONNECT
/*C65*/SET SCHEMA PUBLIC
DELETE FROM PISOS WHERE ID=10
COMMIT
DISCONNECT
/*C66*/SET SCHEMA PUBLIC
DISCONNECT
/*C67*/SET SCHEMA PUBLIC
DELETE FROM PISOS WHERE ID=9
COMMIT
DISCONNECT
/*C68*/SET SCHEMA PUBLIC
DISCONNECT
/*C69*/SET SCHEMA PUBLIC
DELETE FROM PISOS WHERE ID=8
COMMIT
DISCONNECT
/*C70*/SET SCHEMA PUBLIC
DISCONNECT
/*C71*/SET SCHEMA PUBLIC
DELETE FROM PISOS WHERE ID=7
COMMIT
DISCONNECT
/*C72*/SET SCHEMA PUBLIC
DISCONNECT
/*C73*/SET SCHEMA PUBLIC
DELETE FROM PISOS WHERE ID=6
COMMIT
DISCONNECT
/*C74*/SET SCHEMA PUBLIC
DISCONNECT
/*C75*/SET SCHEMA PUBLIC
DELETE FROM PISOS WHERE ID=5
COMMIT
DISCONNECT
/*C76*/SET SCHEMA PUBLIC
DISCONNECT
/*C77*/SET SCHEMA PUBLIC
DELETE FROM PISOS WHERE ID=4
COMMIT
DISCONNECT
/*C78*/SET SCHEMA PUBLIC
DISCONNECT
/*C79*/SET SCHEMA PUBLIC
DELETE FROM PISOS WHERE ID=3
COMMIT
DISCONNECT
/*C80*/SET SCHEMA PUBLIC
DISCONNECT
/*C81*/SET SCHEMA PUBLIC
DELETE FROM PISOS WHERE ID=2
COMMIT
DISCONNECT
/*C82*/SET SCHEMA PUBLIC
DISCONNECT
/*C83*/SET SCHEMA PUBLIC
DELETE FROM PISOS WHERE ID=1
COMMIT
DISCONNECT
/*C84*/SET SCHEMA PUBLIC
DISCONNECT
/*C85*/SET SCHEMA PUBLIC
DISCONNECT
/*C86*/SET SCHEMA PUBLIC
DELETE FROM AGENTES WHERE ID=33
COMMIT
DISCONNECT
/*C87*/SET SCHEMA PUBLIC
DELETE FROM AGENTES WHERE ID=32
COMMIT
DISCONNECT
/*C88*/SET SCHEMA PUBLIC
INSERT INTO AGENTES VALUES(34,'agente1','clave1')
COMMIT
DISCONNECT
/*C89*/SET SCHEMA PUBLIC
INSERT INTO AGENTES VALUES(35,'agente2','clave2')
COMMIT
DISCONNECT
/*C90*/SET SCHEMA PUBLIC
DISCONNECT
/*C91*/SET SCHEMA PUBLIC
DISCONNECT
/*C92*/SET SCHEMA PUBLIC
DISCONNECT
/*C93*/SET SCHEMA PUBLIC
DISCONNECT
/*C94*/SET SCHEMA PUBLIC
DISCONNECT
/*C95*/SET SCHEMA PUBLIC
DISCONNECT
/*C96*/SET SCHEMA PUBLIC
DISCONNECT
/*C97*/SET SCHEMA PUBLIC
DISCONNECT
/*C98*/SET SCHEMA PUBLIC
DISCONNECT
/*C99*/SET SCHEMA PUBLIC
INSERT INTO PISOS VALUES(1,35,291611.0E0,'Plaza Gabino Diaz Merchan, 1','Oviedo',1998,'3','album/foto1.jpg')
COMMIT
DISCONNECT
/*C100*/SET SCHEMA PUBLIC
DISCONNECT
/*C101*/SET SCHEMA PUBLIC
INSERT INTO PISOS VALUES(2,35,84270.0E0,'avenida de La Tenderina, 7','Oviedo',1982,'2','album/foto2.jpg')
COMMIT
DISCONNECT
/*C102*/SET SCHEMA PUBLIC
DISCONNECT
/*C103*/SET SCHEMA PUBLIC
INSERT INTO PISOS VALUES(3,35,274185.0E0,'Plaza Primo Rivera, 3','Oviedo',1972,'2','album/foto3.jpg')
COMMIT
DISCONNECT
/*C104*/SET SCHEMA PUBLIC
DISCONNECT
/*C105*/SET SCHEMA PUBLIC
INSERT INTO PISOS VALUES(4,35,106227.0E0,'Santa Susana, 2','Oviedo',1954,'4','album/foto4.jpg')
COMMIT
DISCONNECT
/*C106*/SET SCHEMA PUBLIC
DISCONNECT
/*C107*/SET SCHEMA PUBLIC
INSERT INTO PISOS VALUES(5,35,53601.0E0,'San Pedro Mestallon, 3','Oviedo',1992,'5','album/foto5.jpg')
COMMIT
DISCONNECT
/*C108*/SET SCHEMA PUBLIC
DISCONNECT
/*C109*/SET SCHEMA PUBLIC
INSERT INTO PISOS VALUES(6,35,487812.0E0,'Carretera de La Costa, 110','Gijon',2010,'5','album/foto6.jpg')
COMMIT
DISCONNECT
/*C110*/SET SCHEMA PUBLIC
DISCONNECT
/*C111*/SET SCHEMA PUBLIC
INSERT INTO PISOS VALUES(7,35,261888.0E0,'avenida Schultz, 95','Gijon',1978,'4','album/foto7.jpg')
COMMIT
DISCONNECT
/*C112*/SET SCHEMA PUBLIC
DISCONNECT
/*C113*/SET SCHEMA PUBLIC
INSERT INTO PISOS VALUES(8,35,327489.0E0,'avenida del Llano, 30','Gijon',1999,'3','album/foto8.jpg')
COMMIT
DISCONNECT
/*C114*/SET SCHEMA PUBLIC
DISCONNECT
/*C115*/SET SCHEMA PUBLIC
INSERT INTO PISOS VALUES(9,35,67689.0E0,'Plaza del Carmen, 2','Gijon',2005,'3','album/foto9.jpg')
COMMIT
DISCONNECT
/*C116*/SET SCHEMA PUBLIC
DISCONNECT
/*C117*/SET SCHEMA PUBLIC
INSERT INTO PISOS VALUES(10,35,352115.0E0,'Corrida, 5','Gijon',1977,'2','album/foto10.jpg')
COMMIT
DISCONNECT
/*C118*/SET SCHEMA PUBLIC
DISCONNECT
/*C119*/SET SCHEMA PUBLIC
INSERT INTO PISOS VALUES(11,35,372214.0E0,'Corrida, 5 Entreplanta','Gijon',1954,'2','album/foto11.jpg')
COMMIT
DISCONNECT
/*C120*/SET SCHEMA PUBLIC
DISCONNECT
/*C121*/SET SCHEMA PUBLIC
INSERT INTO PISOS VALUES(12,35,390715.0E0,'Plaza del Carmen, 2','Gijon',2006,'3','album/foto12.jpg')
COMMIT
DISCONNECT
/*C122*/SET SCHEMA PUBLIC
DISCONNECT
/*C123*/SET SCHEMA PUBLIC
INSERT INTO PISOS VALUES(13,35,263032.0E0,'Uria, 34','Gijon',1983,'5','album/foto13.jpg')
COMMIT
DISCONNECT
/*C124*/SET SCHEMA PUBLIC
DISCONNECT
/*C125*/SET SCHEMA PUBLIC
INSERT INTO PISOS VALUES(14,35,449565.0E0,'avenida constitucion, 64','Gijon',1959,'3','album/foto14.jpg')
COMMIT
DISCONNECT
/*C126*/SET SCHEMA PUBLIC
DISCONNECT
/*C127*/SET SCHEMA PUBLIC
INSERT INTO PISOS VALUES(15,35,67452.0E0,'Camara, 33','aviles',1976,'1','album/foto15.jpg')
COMMIT
DISCONNECT
/*C128*/SET SCHEMA PUBLIC
DISCONNECT
/*C129*/SET SCHEMA PUBLIC
INSERT INTO PISOS VALUES(16,35,448391.0E0,'Francisco Legorburu, 6','aviles',2016,'1','album/foto16.jpg')
COMMIT
DISCONNECT
/*C130*/SET SCHEMA PUBLIC
DISCONNECT
/*C131*/SET SCHEMA PUBLIC
INSERT INTO PISOS VALUES(17,35,253116.0E0,'Leon Y Escosura, 3','Oviedo',1972,'1','album/foto17.jpg')
COMMIT
DISCONNECT
/*C132*/SET SCHEMA PUBLIC
DISCONNECT
/*C133*/SET SCHEMA PUBLIC
INSERT INTO PISOS VALUES(18,35,54482.0E0,'Plaza de Cuatro Ca\u00f1os, 8 Bajo','Oviedo',1952,'4','album/foto18.jpg')
COMMIT
DISCONNECT
/*C134*/SET SCHEMA PUBLIC
DISCONNECT
/*C135*/SET SCHEMA PUBLIC
INSERT INTO PISOS VALUES(19,35,184286.0E0,'Mendizabal, 1','Oviedo',1991,'1','album/foto19.jpg')
COMMIT
DISCONNECT
/*C136*/SET SCHEMA PUBLIC
DISCONNECT
/*C137*/SET SCHEMA PUBLIC
INSERT INTO PISOS VALUES(20,35,489822.0E0,'Bermudez de Castro, 6','Oviedo',1974,'5','album/foto20.jpg')
COMMIT
DISCONNECT
/*C138*/SET SCHEMA PUBLIC
DISCONNECT
/*C139*/SET SCHEMA PUBLIC
INSERT INTO PISOS VALUES(21,35,444621.0E0,'Mendizabal, 1','Oviedo',1982,'5','album/foto21.jpg')
COMMIT
DISCONNECT
/*C140*/SET SCHEMA PUBLIC
DISCONNECT
/*C141*/SET SCHEMA PUBLIC
INSERT INTO PISOS VALUES(22,35,404299.0E0,'Reyes Catolicos, 5','Oviedo',1971,'2','album/foto22.jpg')
COMMIT
DISCONNECT
/*C142*/SET SCHEMA PUBLIC
DISCONNECT
/*C143*/SET SCHEMA PUBLIC
INSERT INTO PISOS VALUES(23,35,378058.0E0,'Covadonga, 6','Oviedo',1987,'3','album/foto23.jpg')
COMMIT
DISCONNECT
/*C144*/SET SCHEMA PUBLIC
DISCONNECT
/*C145*/SET SCHEMA PUBLIC
INSERT INTO PISOS VALUES(24,35,209452.0E0,'avenida Santander, 12','Oviedo',1962,'5','album/foto24.jpg')
COMMIT
DISCONNECT
/*C146*/SET SCHEMA PUBLIC
DISCONNECT
/*C147*/SET SCHEMA PUBLIC
INSERT INTO PISOS VALUES(25,35,351752.0E0,'Marques de Pidal, 9','Oviedo',1969,'4','album/foto25.jpg')
COMMIT
DISCONNECT
/*C148*/SET SCHEMA PUBLIC
DISCONNECT
/*C149*/SET SCHEMA PUBLIC
INSERT INTO PISOS VALUES(26,35,446278.0E0,'avenida Galicia, 5','Oviedo',1974,'3','album/foto26.jpg')
COMMIT
DISCONNECT
/*C150*/SET SCHEMA PUBLIC
DISCONNECT
/*C151*/SET SCHEMA PUBLIC
INSERT INTO PISOS VALUES(27,35,260795.0E0,'Plaza 6 de agosto, 6','Gijon',1981,'2','album/foto27.jpg')
COMMIT
DISCONNECT
/*C152*/SET SCHEMA PUBLIC
DISCONNECT
/*C153*/SET SCHEMA PUBLIC
INSERT INTO PISOS VALUES(28,35,492852.0E0,'avenida argentina, 72','Gijon',2011,'2','album/foto28.jpg')
COMMIT
DISCONNECT
/*C154*/SET SCHEMA PUBLIC
DISCONNECT
/*C155*/SET SCHEMA PUBLIC
INSERT INTO PISOS VALUES(29,35,217095.0E0,'avenida Castilla, 6','Gijon',1980,'4','album/foto29.jpg')
COMMIT
DISCONNECT
/*C156*/SET SCHEMA PUBLIC
DISCONNECT
/*C157*/SET SCHEMA PUBLIC
INSERT INTO PISOS VALUES(30,35,83368.0E0,'San Bernardo, 45','Gijon',1977,'4','album/foto30.jpg')
COMMIT
DISCONNECT
/*C158*/SET SCHEMA PUBLIC
DISCONNECT
/*C159*/SET SCHEMA PUBLIC
INSERT INTO PISOS VALUES(31,35,213751.0E0,'ana Maria, 1','Gijon',2002,'3','album/foto31.jpg')
COMMIT
DISCONNECT
/*C160*/SET SCHEMA PUBLIC
DISCONNECT
/*C161*/SET SCHEMA PUBLIC
INSERT INTO PISOS VALUES(32,35,474625.0E0,'avenida Pablo Iglesias, 51','Gijon',1966,'4','album/foto32.jpg')
COMMIT
DISCONNECT
/*C162*/SET SCHEMA PUBLIC
DISCONNECT
/*C163*/SET SCHEMA PUBLIC
INSERT INTO PISOS VALUES(33,35,289902.0E0,'aguado, 31','Gijon',1958,'2','album/foto33.jpg')
COMMIT
DISCONNECT
/*C164*/SET SCHEMA PUBLIC
DISCONNECT
/*C165*/SET SCHEMA PUBLIC
INSERT INTO PISOS VALUES(34,35,471800.0E0,'aragon, 25','Gijon',2001,'4','album/foto34.jpg')
COMMIT
DISCONNECT
/*C166*/SET SCHEMA PUBLIC
DISCONNECT
/*C167*/SET SCHEMA PUBLIC
INSERT INTO PISOS VALUES(35,35,404982.0E0,'Infiesto, 2 Esq.magnus Blikstad','Gijon',2013,'4','album/foto35.jpg')
COMMIT
DISCONNECT
/*C168*/SET SCHEMA PUBLIC
DISCONNECT
/*C169*/SET SCHEMA PUBLIC
INSERT INTO PISOS VALUES(36,35,144770.0E0,'avenida de Galicia, 83','Gijon',1968,'3','album/foto36.jpg')
COMMIT
DISCONNECT
/*C170*/SET SCHEMA PUBLIC
DISCONNECT
/*C171*/SET SCHEMA PUBLIC
INSERT INTO PISOS VALUES(37,35,422136.0E0,'alava, 11','Gijon',1956,'3','album/foto37.jpg')
COMMIT
DISCONNECT
/*C172*/SET SCHEMA PUBLIC
DISCONNECT
/*C173*/SET SCHEMA PUBLIC
DISCONNECT
/*C174*/SET SCHEMA PUBLIC
DISCONNECT
/*C175*/SET SCHEMA PUBLIC
DISCONNECT
/*C176*/SET SCHEMA PUBLIC
DISCONNECT
/*C177*/SET SCHEMA PUBLIC
DISCONNECT
/*C178*/SET SCHEMA PUBLIC
DISCONNECT
/*C179*/SET SCHEMA PUBLIC
DISCONNECT
/*C180*/SET SCHEMA PUBLIC
DISCONNECT
/*C181*/SET SCHEMA PUBLIC
DISCONNECT
/*C182*/SET SCHEMA PUBLIC
DISCONNECT
/*C183*/SET SCHEMA PUBLIC
DISCONNECT
/*C184*/SET SCHEMA PUBLIC
DISCONNECT
/*C185*/SET SCHEMA PUBLIC
DISCONNECT
/*C186*/SET SCHEMA PUBLIC
DISCONNECT
/*C187*/SET SCHEMA PUBLIC
DISCONNECT
/*C188*/SET SCHEMA PUBLIC
DISCONNECT
/*C189*/SET SCHEMA PUBLIC
DISCONNECT
/*C190*/SET SCHEMA PUBLIC
DISCONNECT
/*C191*/SET SCHEMA PUBLIC
DISCONNECT
/*C192*/SET SCHEMA PUBLIC
DISCONNECT
/*C193*/SET SCHEMA PUBLIC
DISCONNECT
/*C194*/SET SCHEMA PUBLIC
DISCONNECT
/*C195*/SET SCHEMA PUBLIC
DISCONNECT
/*C196*/SET SCHEMA PUBLIC
DISCONNECT
/*C197*/SET SCHEMA PUBLIC
DISCONNECT
/*C198*/SET SCHEMA PUBLIC
DISCONNECT
/*C199*/SET SCHEMA PUBLIC
DISCONNECT
/*C200*/SET SCHEMA PUBLIC
DISCONNECT
/*C201*/SET SCHEMA PUBLIC
DISCONNECT
/*C202*/SET SCHEMA PUBLIC
DISCONNECT
/*C203*/SET SCHEMA PUBLIC
DISCONNECT
/*C204*/SET SCHEMA PUBLIC
DISCONNECT
/*C205*/SET SCHEMA PUBLIC
DISCONNECT
/*C206*/SET SCHEMA PUBLIC
DISCONNECT
/*C207*/SET SCHEMA PUBLIC
DISCONNECT
/*C208*/SET SCHEMA PUBLIC
DISCONNECT
/*C209*/SET SCHEMA PUBLIC
DISCONNECT
/*C210*/SET SCHEMA PUBLIC
DISCONNECT
